<?xml version="1.0" encoding="UTF-8"?>
<!-- Generated by org.testng.reporters.JUnitReportReporter -->
<testsuite hostname="TXCHD-LAP-083" failures="0" tests="1" name="Academy.ValidateNavigationBar" time="0.066" errors="0" timestamp="2022-03-22T11:49:15 IST" skipped="0">
  <testcase classname="Academy.ValidateNavigationBar" name="validateNavBar" time="0.066"/>
  <system-out/>
</testsuite> <!-- Academy.ValidateNavigationBar -->
