<?xml version="1.0" encoding="UTF-8"?>
<!-- Generated by org.testng.reporters.JUnitReportReporter -->
<testsuite hostname="TXCHD-LAP-083" failures="0" tests="3" name="Academy.HomePage" time="1.235" errors="0" timestamp="2022-03-22T11:49:15 IST" skipped="0">
  <testcase classname="Academy.HomePage" name="loginPageTest" time="0.189"/>
  <system-out/>
  <testcase classname="Academy.HomePage" name="basePageNevigation" time="0.839"/>
  <system-out/>
  <testcase classname="Academy.HomePage" name="loginPageTest" time="0.207"/>
  <system-out/>
</testsuite> <!-- Academy.HomePage -->
